2022-09-08 00:06:26.566  INFO 13324 --- [main] com.fas.admin.AdminApplication           : Starting AdminApplication using Java 11.0.13 on PotatoLapy with PID 13324 (C:\Users\singh\Desktop\Workspace\FAS\admin\build\classes\java\main started by singh in C:\Users\singh\Desktop\Workspace\FAS\admin)
2022-09-08 00:06:26.587  INFO 13324 --- [main] com.fas.admin.AdminApplication           : No active profile set, falling back to 1 default profile: "default"
2022-09-08 00:06:28.925  INFO 13324 --- [main] o.apache.catalina.core.StandardService   : Starting service [Tomcat]
2022-09-08 00:06:28.926  INFO 13324 --- [main] org.apache.catalina.core.StandardEngine  : Starting Servlet engine: [Apache Tomcat/9.0.65]
2022-09-08 00:06:29.106  INFO 13324 --- [main] o.a.c.c.C.[Tomcat].[localhost].[/]       : Initializing Spring embedded WebApplicationContext
2022-09-08 00:06:29.709  INFO 13324 --- [main] com.zaxxer.hikari.HikariDataSource       : HikariPool-1 - Starting...
2022-09-08 00:06:30.036  INFO 13324 --- [main] com.zaxxer.hikari.HikariDataSource       : HikariPool-1 - Start completed.
2022-09-08 00:06:35.048  INFO 13324 --- [main] com.fas.admin.AdminApplication           : Started AdminApplication in 9.019 seconds (JVM running for 9.552)
2022-09-08 00:07:48.866  INFO 13324 --- [http-nio-8000-exec-1] o.a.c.c.C.[Tomcat].[localhost].[/]       : Initializing Spring DispatcherServlet 'dispatcherServlet'
2022-09-08 00:07:49.885  INFO 13324 --- [http-nio-8000-exec-9] o.springdoc.api.AbstractOpenApiResource  : Init duration for springdoc-openapi is: 345 ms
2022-09-08 06:52:34.183  INFO 3572 --- [main] com.fas.admin.AdminApplication           : Starting AdminApplication using Java 11.0.13 on PotatoLapy with PID 3572 (C:\Users\singh\Desktop\Workspace\FAS\admin\build\classes\java\main started by singh in C:\Users\singh\Desktop\Workspace\FAS\admin)
2022-09-08 06:52:34.188  INFO 3572 --- [main] com.fas.admin.AdminApplication           : No active profile set, falling back to 1 default profile: "default"
2022-09-08 06:52:37.815  INFO 3572 --- [main] o.apache.catalina.core.StandardService   : Starting service [Tomcat]
2022-09-08 06:52:37.815  INFO 3572 --- [main] org.apache.catalina.core.StandardEngine  : Starting Servlet engine: [Apache Tomcat/9.0.65]
2022-09-08 06:52:38.200  INFO 3572 --- [main] o.a.c.c.C.[Tomcat].[localhost].[/]       : Initializing Spring embedded WebApplicationContext
2022-09-08 06:52:39.229  INFO 3572 --- [main] com.zaxxer.hikari.HikariDataSource       : HikariPool-1 - Starting...
2022-09-08 06:52:39.567  INFO 3572 --- [main] com.zaxxer.hikari.HikariDataSource       : HikariPool-1 - Start completed.
2022-09-08 06:52:42.496  INFO 3572 --- [main] com.fas.admin.AdminApplication           : Started AdminApplication in 9.429 seconds (JVM running for 9.925)
2022-09-08 06:52:44.016  INFO 3572 --- [http-nio-8000-exec-1] o.a.c.c.C.[Tomcat].[localhost].[/]       : Initializing Spring DispatcherServlet 'dispatcherServlet'
2022-09-08 06:52:44.796  INFO 3572 --- [http-nio-8000-exec-8] o.springdoc.api.AbstractOpenApiResource  : Init duration for springdoc-openapi is: 385 ms
2022-09-08 06:54:25.610  INFO 3572 --- [http-nio-8000-exec-6] com.fas.admin.AdminApplication           : rajesh
2022-09-08 07:01:23.610  INFO 3572 --- [http-nio-8000-exec-7] com.fas.admin.AdminApplication           : rakesh
2022-09-08 07:01:33.109  INFO 3572 --- [http-nio-8000-exec-9] com.fas.admin.AdminApplication           : raghuvesh
2022-09-08 07:12:58.920  INFO 8720 --- [main] com.fas.admin.AdminApplication           : Starting AdminApplication using Java 11.0.13 on PotatoLapy with PID 8720 (C:\Users\singh\Desktop\Workspace\FAS\admin\build\classes\java\main started by singh in C:\Users\singh\Desktop\Workspace\FAS\admin)
2022-09-08 07:12:58.924  INFO 8720 --- [main] com.fas.admin.AdminApplication           : No active profile set, falling back to 1 default profile: "default"
2022-09-08 07:13:00.647  INFO 8720 --- [main] o.apache.catalina.core.StandardService   : Starting service [Tomcat]
2022-09-08 07:13:00.648  INFO 8720 --- [main] org.apache.catalina.core.StandardEngine  : Starting Servlet engine: [Apache Tomcat/9.0.65]
2022-09-08 07:13:00.774  INFO 8720 --- [main] o.a.c.c.C.[Tomcat].[localhost].[/]       : Initializing Spring embedded WebApplicationContext
2022-09-08 07:13:01.230  INFO 8720 --- [main] com.zaxxer.hikari.HikariDataSource       : HikariPool-1 - Starting...
2022-09-08 07:13:01.442  INFO 8720 --- [main] com.zaxxer.hikari.HikariDataSource       : HikariPool-1 - Start completed.
2022-09-08 07:13:03.653  INFO 8720 --- [main] com.fas.admin.AdminApplication           : Started AdminApplication in 5.202 seconds (JVM running for 5.602)
2022-09-08 07:13:41.600  INFO 8720 --- [http-nio-8000-exec-1] o.a.c.c.C.[Tomcat].[localhost].[/]       : Initializing Spring DispatcherServlet 'dispatcherServlet'
2022-09-08 08:45:16.112  WARN 8720 --- [HikariPool-1 housekeeper] com.zaxxer.hikari.pool.HikariPool        : HikariPool-1 - Thread starvation or clock leap detected (housekeeper delta=2m12s781ms712µs400ns).
2022-09-08 09:49:33.990  INFO 8720 --- [http-nio-8000-exec-7] o.springdoc.api.AbstractOpenApiResource  : Init duration for springdoc-openapi is: 384 ms
2022-09-08 09:50:48.255  INFO 8720 --- [http-nio-8000-exec-3] com.fas.admin.AdminApplication           : Validation failed for argument [0] in public com.fas.admin.entities.User com.fas.admin.controller.AdminController.addUSer(com.fas.admin.dtos.AddUser): [Field error in object 'addUser' on field 'username': rejected value [z3ltan]; codes [Length.addUser.username,Length.username,Length.java.lang.String,Length]; arguments [org.springframework.context.support.DefaultMessageSourceResolvable: codes [addUser.username,username]; arguments []; default message [username],16,8]; default message [Username should be of length b/w 6 and 16]] 
2022-09-08 09:50:55.103  INFO 8720 --- [http-nio-8000-exec-4] com.fas.admin.AdminApplication           : z3ltan73
2022-09-08 09:51:16.981  INFO 8720 --- [http-nio-8000-exec-5] com.fas.admin.AdminApplication           : Validation failed for argument [0] in public com.fas.admin.entities.User com.fas.admin.controller.AdminController.addUSer(com.fas.admin.dtos.AddUser): [Field error in object 'addUser' on field 'username': rejected value [z3ltan]; codes [Length.addUser.username,Length.username,Length.java.lang.String,Length]; arguments [org.springframework.context.support.DefaultMessageSourceResolvable: codes [addUser.username,username]; arguments []; default message [username],16,8]; default message [Username should be of length b/w 6 and 16]] 
2022-09-08 09:52:17.549  INFO 8720 --- [http-nio-8000-exec-7] com.fas.admin.AdminApplication           : z3ltan73
2022-09-08 10:07:54.825  INFO 8600 --- [main] com.fas.admin.AdminApplication           : Starting AdminApplication using Java 11.0.13 on PotatoLapy with PID 8600 (C:\Users\singh\Desktop\Workspace\FAS\admin\build\classes\java\main started by singh in C:\Users\singh\Desktop\Workspace\FAS\admin)
2022-09-08 10:07:54.829  INFO 8600 --- [main] com.fas.admin.AdminApplication           : No active profile set, falling back to 1 default profile: "default"
2022-09-08 10:07:57.534  INFO 8600 --- [main] o.apache.catalina.core.StandardService   : Starting service [Tomcat]
2022-09-08 10:07:57.535  INFO 8600 --- [main] org.apache.catalina.core.StandardEngine  : Starting Servlet engine: [Apache Tomcat/9.0.65]
2022-09-08 10:07:57.799  INFO 8600 --- [main] o.a.c.c.C.[Tomcat].[localhost].[/]       : Initializing Spring embedded WebApplicationContext
2022-09-08 10:07:58.805  INFO 8600 --- [main] com.zaxxer.hikari.HikariDataSource       : HikariPool-1 - Starting...
2022-09-08 10:07:59.348  INFO 8600 --- [main] com.zaxxer.hikari.HikariDataSource       : HikariPool-1 - Start completed.
2022-09-08 10:08:04.606  INFO 8600 --- [main] com.fas.admin.AdminApplication           : Started AdminApplication in 10.277 seconds (JVM running for 10.783)
2022-09-08 10:08:04.780  INFO 8600 --- [http-nio-8000-exec-1] o.a.c.c.C.[Tomcat].[localhost].[/]       : Initializing Spring DispatcherServlet 'dispatcherServlet'
2022-09-08 10:08:05.664  INFO 8600 --- [http-nio-8000-exec-8] o.springdoc.api.AbstractOpenApiResource  : Init duration for springdoc-openapi is: 374 ms
2022-09-08 10:56:02.082  INFO 8600 --- [http-nio-8000-exec-10] com.fas.admin.AdminApplication           : Validation failed for argument [0] in public com.fas.admin.entities.User com.fas.admin.controller.AdminController.addUSer(com.fas.admin.dtos.AddUser): [Field error in object 'addUser' on field 'username': rejected value [ramesh]; codes [Length.addUser.username,Length.username,Length.java.lang.String,Length]; arguments [org.springframework.context.support.DefaultMessageSourceResolvable: codes [addUser.username,username]; arguments []; default message [username],16,8]; default message [Username should be of length b/w 6 and 16]] 
2022-09-08 10:56:21.588  INFO 8600 --- [http-nio-8000-exec-7] com.fas.admin.AdminApplication           : root_user
2022-09-08 10:56:21.594  INFO 8600 --- [http-nio-8000-exec-7] com.fas.admin.AdminApplication           : The username already exists: root_user
2022-09-08 10:56:45.838  INFO 8600 --- [http-nio-8000-exec-6] com.fas.admin.AdminApplication           : peeyusharma
2022-09-08 10:57:07.924  INFO 8600 --- [http-nio-8000-exec-1] com.fas.admin.AdminApplication           : prakhar200
2022-09-08 10:58:28.779  INFO 8600 --- [http-nio-8000-exec-5] com.fas.admin.AdminApplication           : prakhar
2022-09-08 10:58:38.570  INFO 8600 --- [http-nio-8000-exec-8] com.fas.admin.AdminApplication           : prakhar200
2022-09-08 10:59:01.962  INFO 8600 --- [http-nio-8000-exec-9] com.fas.admin.AdminApplication           : peeysharma
2022-09-08 10:59:15.014  INFO 8600 --- [http-nio-8000-exec-2] com.fas.admin.AdminApplication           : peeyusharma
2022-09-08 11:02:57.988  INFO 8600 --- [http-nio-8000-exec-4] com.fas.admin.AdminApplication           : peeyusharma
2022-09-08 11:04:00.423  INFO 8600 --- [http-nio-8000-exec-9] com.fas.admin.AdminApplication           : peeyusharma
2022-09-08 11:43:54.248  INFO 14464 --- [main] com.fas.admin.AdminApplication           : Starting AdminApplication using Java 11.0.13 on PotatoLapy with PID 14464 (C:\Users\singh\Desktop\Workspace\FAS\admin\build\classes\java\main started by singh in C:\Users\singh\Desktop\Workspace\FAS\admin)
2022-09-08 11:43:54.251  INFO 14464 --- [main] com.fas.admin.AdminApplication           : No active profile set, falling back to 1 default profile: "default"
2022-09-08 11:43:56.599  INFO 14464 --- [main] o.apache.catalina.core.StandardService   : Starting service [Tomcat]
2022-09-08 11:43:56.599  INFO 14464 --- [main] org.apache.catalina.core.StandardEngine  : Starting Servlet engine: [Apache Tomcat/9.0.65]
2022-09-08 11:43:56.754  INFO 14464 --- [main] o.a.c.c.C.[Tomcat].[localhost].[/]       : Initializing Spring embedded WebApplicationContext
2022-09-08 11:43:57.331  INFO 14464 --- [main] com.zaxxer.hikari.HikariDataSource       : HikariPool-1 - Starting...
2022-09-08 11:43:57.549  INFO 14464 --- [main] com.zaxxer.hikari.HikariDataSource       : HikariPool-1 - Start completed.
2022-09-08 11:44:00.915  INFO 14464 --- [main] com.fas.admin.AdminApplication           : Started AdminApplication in 7.232 seconds (JVM running for 7.849)
2022-09-08 11:44:15.570  INFO 14464 --- [http-nio-8000-exec-2] o.a.c.c.C.[Tomcat].[localhost].[/]       : Initializing Spring DispatcherServlet 'dispatcherServlet'
2022-09-08 11:44:16.070  INFO 14464 --- [http-nio-8000-exec-3] o.springdoc.api.AbstractOpenApiResource  : Init duration for springdoc-openapi is: 381 ms
2022-09-08 13:32:31.228  INFO 13980 --- [main] com.fas.admin.AdminApplication           : Starting AdminApplication using Java 11.0.13 on PotatoLapy with PID 13980 (C:\Users\singh\Desktop\Workspace\FAS\admin\build\classes\java\main started by singh in C:\Users\singh\Desktop\Workspace\FAS\admin)
2022-09-08 13:32:31.246  INFO 13980 --- [main] com.fas.admin.AdminApplication           : No active profile set, falling back to 1 default profile: "default"
2022-09-08 13:32:38.979  INFO 13980 --- [main] o.apache.catalina.core.StandardService   : Starting service [Tomcat]
2022-09-08 13:32:38.979  INFO 13980 --- [main] org.apache.catalina.core.StandardEngine  : Starting Servlet engine: [Apache Tomcat/9.0.65]
2022-09-08 13:32:39.403  INFO 13980 --- [main] o.a.c.c.C.[Tomcat].[localhost].[/]       : Initializing Spring embedded WebApplicationContext
2022-09-08 13:32:40.925  INFO 13980 --- [main] com.zaxxer.hikari.HikariDataSource       : HikariPool-1 - Starting...
2022-09-08 13:32:41.459  INFO 13980 --- [main] com.zaxxer.hikari.HikariDataSource       : HikariPool-1 - Start completed.
2022-09-08 13:32:47.486  INFO 13980 --- [main] com.fas.admin.AdminApplication           : Started AdminApplication in 17.386 seconds (JVM running for 19.009)
2022-09-08 13:32:47.938  INFO 13980 --- [http-nio-8000-exec-1] o.a.c.c.C.[Tomcat].[localhost].[/]       : Initializing Spring DispatcherServlet 'dispatcherServlet'
2022-09-08 13:32:49.052  INFO 13980 --- [http-nio-8000-exec-7] o.springdoc.api.AbstractOpenApiResource  : Init duration for springdoc-openapi is: 532 ms
2022-09-08 14:01:48.501  INFO 12268 --- [main] com.fas.admin.AdminApplication           : Starting AdminApplication using Java 11.0.13 on PotatoLapy with PID 12268 (C:\Users\singh\Desktop\Workspace\FAS\admin\build\classes\java\main started by singh in C:\Users\singh\Desktop\Workspace\FAS\admin)
2022-09-08 14:01:48.510  INFO 12268 --- [main] com.fas.admin.AdminApplication           : No active profile set, falling back to 1 default profile: "default"
2022-09-08 14:01:51.270  INFO 12268 --- [main] o.apache.catalina.core.StandardService   : Starting service [Tomcat]
2022-09-08 14:01:51.272  INFO 12268 --- [main] org.apache.catalina.core.StandardEngine  : Starting Servlet engine: [Apache Tomcat/9.0.65]
2022-09-08 14:01:51.666  INFO 12268 --- [main] o.a.c.c.C.[Tomcat].[localhost].[/]       : Initializing Spring embedded WebApplicationContext
2022-09-08 14:01:53.340  INFO 12268 --- [main] com.zaxxer.hikari.HikariDataSource       : HikariPool-1 - Starting...
2022-09-08 14:01:53.882  INFO 12268 --- [main] com.zaxxer.hikari.HikariDataSource       : HikariPool-1 - Start completed.
2022-09-08 14:02:00.539  INFO 12268 --- [main] com.fas.admin.AdminApplication           : Started AdminApplication in 12.63 seconds (JVM running for 13.224)
2022-09-08 14:02:35.984  INFO 12268 --- [http-nio-8000-exec-1] o.a.c.c.C.[Tomcat].[localhost].[/]       : Initializing Spring DispatcherServlet 'dispatcherServlet'
2022-09-08 14:02:36.790  INFO 12268 --- [http-nio-8000-exec-5] o.springdoc.api.AbstractOpenApiResource  : Init duration for springdoc-openapi is: 472 ms
2022-09-08 14:11:30.083  WARN 12268 --- [HikariPool-1 housekeeper] com.zaxxer.hikari.pool.HikariPool        : HikariPool-1 - Thread starvation or clock leap detected (housekeeper delta=2m5s803ms395µs).
2022-09-08 14:48:20.763  INFO 14640 --- [main] com.fas.admin.AdminApplication           : Starting AdminApplication using Java 11.0.13 on PotatoLapy with PID 14640 (C:\Users\singh\Desktop\Workspace\FAS\admin\build\classes\java\main started by singh in C:\Users\singh\Desktop\Workspace\FAS\admin)
2022-09-08 14:48:20.794  INFO 14640 --- [main] com.fas.admin.AdminApplication           : No active profile set, falling back to 1 default profile: "default"
2022-09-08 14:48:27.456  INFO 14640 --- [main] o.apache.catalina.core.StandardService   : Starting service [Tomcat]
2022-09-08 14:48:27.456  INFO 14640 --- [main] org.apache.catalina.core.StandardEngine  : Starting Servlet engine: [Apache Tomcat/9.0.65]
2022-09-08 14:48:27.786  INFO 14640 --- [main] o.a.c.c.C.[Tomcat].[localhost].[/]       : Initializing Spring embedded WebApplicationContext
2022-09-08 14:48:30.185  INFO 14640 --- [main] com.zaxxer.hikari.HikariDataSource       : HikariPool-1 - Starting...
2022-09-08 14:48:30.652  INFO 14640 --- [main] com.zaxxer.hikari.HikariDataSource       : HikariPool-1 - Start completed.
2022-09-08 14:48:42.212  INFO 14640 --- [main] com.fas.admin.AdminApplication           : Started AdminApplication in 22.923 seconds (JVM running for 24.503)
2022-09-08 14:49:14.218  INFO 14640 --- [http-nio-8000-exec-2] o.a.c.c.C.[Tomcat].[localhost].[/]       : Initializing Spring DispatcherServlet 'dispatcherServlet'
2022-09-08 14:49:14.782  INFO 14640 --- [http-nio-8000-exec-5] o.springdoc.api.AbstractOpenApiResource  : Init duration for springdoc-openapi is: 392 ms
2022-09-08 15:01:16.220  INFO 14640 --- [http-nio-8000-exec-2] com.fas.admin.AdminApplication           : prateek100
2022-09-08 15:01:35.278  INFO 14640 --- [http-nio-8000-exec-6] com.fas.admin.AdminApplication           : prateek100
2022-09-08 15:49:48.925  INFO 8740 --- [main] com.fas.admin.AdminApplication           : Starting AdminApplication using Java 11.0.13 on PotatoLapy with PID 8740 (C:\Users\singh\Desktop\Workspace\FAS\admin\build\classes\java\main started by singh in C:\Users\singh\Desktop\Workspace\FAS\admin)
2022-09-08 15:49:48.930  INFO 8740 --- [main] com.fas.admin.AdminApplication           : No active profile set, falling back to 1 default profile: "default"
2022-09-08 15:49:51.536  INFO 8740 --- [main] o.apache.catalina.core.StandardService   : Starting service [Tomcat]
2022-09-08 15:49:51.537  INFO 8740 --- [main] org.apache.catalina.core.StandardEngine  : Starting Servlet engine: [Apache Tomcat/9.0.65]
2022-09-08 15:49:51.694  INFO 8740 --- [main] o.a.c.c.C.[Tomcat].[localhost].[/]       : Initializing Spring embedded WebApplicationContext
2022-09-08 15:49:52.445  INFO 8740 --- [main] com.zaxxer.hikari.HikariDataSource       : HikariPool-1 - Starting...
2022-09-08 15:49:52.675  INFO 8740 --- [main] com.zaxxer.hikari.HikariDataSource       : HikariPool-1 - Start completed.
2022-09-08 15:49:56.143  INFO 8740 --- [main] com.fas.admin.AdminApplication           : Started AdminApplication in 7.865 seconds (JVM running for 8.528)
2022-09-08 15:49:56.428  INFO 8740 --- [http-nio-8000-exec-1] o.a.c.c.C.[Tomcat].[localhost].[/]       : Initializing Spring DispatcherServlet 'dispatcherServlet'
2022-09-08 15:49:57.015  INFO 8740 --- [http-nio-8000-exec-2] o.springdoc.api.AbstractOpenApiResource  : Init duration for springdoc-openapi is: 418 ms
2022-09-08 15:50:04.960  INFO 8740 --- [http-nio-8000-exec-4] com.fas.admin.AdminApplication           : deleteUser.username: Username should be of length b/w 6 and 16
2022-09-08 15:51:41.725  INFO 8740 --- [http-nio-8000-exec-7] com.fas.admin.AdminApplication           : Validation failed for argument [0] in public com.fas.admin.entities.User com.fas.admin.controller.AdminController.addUser(com.fas.admin.dtos.AddUser): [Field error in object 'addUser' on field 'username': rejected value [hemant]; codes [Length.addUser.username,Length.username,Length.java.lang.String,Length]; arguments [org.springframework.context.support.DefaultMessageSourceResolvable: codes [addUser.username,username]; arguments []; default message [username],16,8]; default message [Username should be of length b/w 6 and 16]] 
