2022-09-09 10:28:22.293  INFO 17080 --- [main] com.fas.supplier.SupplierApplication     : Starting SupplierApplication using Java 11.0.13 on PotatoLapy with PID 17080 (C:\Users\singh\Desktop\Workspace\FarmingAssistanceSystem\supplier\build\classes\java\main started by singh in C:\Users\singh\Desktop\Workspace\FarmingAssistanceSystem\supplier)
2022-09-09 10:28:22.314  INFO 17080 --- [main] com.fas.supplier.SupplierApplication     : No active profile set, falling back to 1 default profile: "default"
2022-09-09 10:28:25.025  INFO 17080 --- [main] o.apache.catalina.core.StandardService   : Starting service [Tomcat]
2022-09-09 10:28:25.026  INFO 17080 --- [main] org.apache.catalina.core.StandardEngine  : Starting Servlet engine: [Apache Tomcat/9.0.65]
2022-09-09 10:28:25.248  INFO 17080 --- [main] o.a.c.c.C.[Tomcat].[localhost].[/]       : Initializing Spring embedded WebApplicationContext
2022-09-09 10:28:25.743  INFO 17080 --- [main] com.zaxxer.hikari.HikariDataSource       : HikariPool-1 - Starting...
2022-09-09 10:28:25.985  INFO 17080 --- [main] com.zaxxer.hikari.HikariDataSource       : HikariPool-1 - Start completed.
2022-09-09 10:28:33.297  INFO 17080 --- [main] com.netflix.discovery.DiscoveryClient    : Initializing Eureka in region us-east-1
2022-09-09 10:28:33.307  INFO 17080 --- [main] c.n.d.s.r.aws.ConfigClusterResolver      : Resolving eureka endpoints via configuration
2022-09-09 10:28:33.355  INFO 17080 --- [main] com.netflix.discovery.DiscoveryClient    : Disable delta property : false
2022-09-09 10:28:33.356  INFO 17080 --- [main] com.netflix.discovery.DiscoveryClient    : Single vip registry refresh property : null
2022-09-09 10:28:33.356  INFO 17080 --- [main] com.netflix.discovery.DiscoveryClient    : Force full registry fetch : false
2022-09-09 10:28:33.356  INFO 17080 --- [main] com.netflix.discovery.DiscoveryClient    : Application is null : false
2022-09-09 10:28:33.357  INFO 17080 --- [main] com.netflix.discovery.DiscoveryClient    : Registered Applications size is zero : true
2022-09-09 10:28:33.358  INFO 17080 --- [main] com.netflix.discovery.DiscoveryClient    : Application version is -1: true
2022-09-09 10:28:33.358  INFO 17080 --- [main] com.netflix.discovery.DiscoveryClient    : Getting all instance registry info from the eureka server
2022-09-09 10:28:34.093  INFO 17080 --- [main] com.netflix.discovery.DiscoveryClient    : The response status is 200
2022-09-09 10:28:34.101  INFO 17080 --- [main] com.netflix.discovery.DiscoveryClient    : Starting heartbeat executor: renew interval is: 30
2022-09-09 10:28:34.113  INFO 17080 --- [main] c.n.discovery.InstanceInfoReplicator     : InstanceInfoReplicator onDemand update allowed rate per min is 4
2022-09-09 10:28:34.127  INFO 17080 --- [main] com.netflix.discovery.DiscoveryClient    : Discovery Client initialized at timestamp 1662699514125 with initial instances count: 2
2022-09-09 10:28:34.134  INFO 17080 --- [main] com.netflix.discovery.DiscoveryClient    : Saw local status change event StatusChangeEvent [timestamp=1662699514134, current=UP, previous=STARTING]
2022-09-09 10:28:34.182  INFO 17080 --- [DiscoveryClient-InstanceInfoReplicator-0] com.netflix.discovery.DiscoveryClient    : DiscoveryClient_SUPPLIER/PotatoLapy:supplier:8200: registering service...
2022-09-09 10:28:34.343  INFO 17080 --- [DiscoveryClient-InstanceInfoReplicator-0] com.netflix.discovery.DiscoveryClient    : DiscoveryClient_SUPPLIER/PotatoLapy:supplier:8200 - registration status: 204
2022-09-09 10:28:35.120  INFO 17080 --- [main] com.fas.supplier.SupplierApplication     : Started SupplierApplication in 15.077 seconds (JVM running for 15.899)
2022-09-09 10:28:58.004  INFO 17080 --- [http-nio-8200-exec-8] o.a.c.c.C.[Tomcat].[localhost].[/]       : Initializing Spring DispatcherServlet 'dispatcherServlet'
2022-09-09 10:28:59.033  INFO 17080 --- [http-nio-8200-exec-9] o.springdoc.api.AbstractOpenApiResource  : Init duration for springdoc-openapi is: 350 ms
2022-09-09 10:33:33.365  INFO 17080 --- [AsyncResolver-bootstrap-executor-0] c.n.d.s.r.aws.ConfigClusterResolver      : Resolving eureka endpoints via configuration
2022-09-09 10:38:33.368  INFO 17080 --- [AsyncResolver-bootstrap-executor-0] c.n.d.s.r.aws.ConfigClusterResolver      : Resolving eureka endpoints via configuration
2022-09-09 10:43:33.379  INFO 17080 --- [AsyncResolver-bootstrap-executor-0] c.n.d.s.r.aws.ConfigClusterResolver      : Resolving eureka endpoints via configuration
2022-09-09 10:48:33.393  INFO 17080 --- [AsyncResolver-bootstrap-executor-0] c.n.d.s.r.aws.ConfigClusterResolver      : Resolving eureka endpoints via configuration
2022-09-09 10:53:33.404  INFO 17080 --- [AsyncResolver-bootstrap-executor-0] c.n.d.s.r.aws.ConfigClusterResolver      : Resolving eureka endpoints via configuration
2022-09-09 10:58:33.411  INFO 17080 --- [AsyncResolver-bootstrap-executor-0] c.n.d.s.r.aws.ConfigClusterResolver      : Resolving eureka endpoints via configuration
2022-09-09 11:03:33.416  INFO 17080 --- [AsyncResolver-bootstrap-executor-0] c.n.d.s.r.aws.ConfigClusterResolver      : Resolving eureka endpoints via configuration
2022-09-09 11:08:33.432  INFO 17080 --- [AsyncResolver-bootstrap-executor-0] c.n.d.s.r.aws.ConfigClusterResolver      : Resolving eureka endpoints via configuration
2022-09-09 11:13:33.440  INFO 17080 --- [AsyncResolver-bootstrap-executor-0] c.n.d.s.r.aws.ConfigClusterResolver      : Resolving eureka endpoints via configuration
2022-09-09 11:18:33.443  INFO 17080 --- [AsyncResolver-bootstrap-executor-0] c.n.d.s.r.aws.ConfigClusterResolver      : Resolving eureka endpoints via configuration
2022-09-09 11:23:33.452  INFO 17080 --- [AsyncResolver-bootstrap-executor-0] c.n.d.s.r.aws.ConfigClusterResolver      : Resolving eureka endpoints via configuration
2022-09-09 11:28:33.458  INFO 17080 --- [AsyncResolver-bootstrap-executor-0] c.n.d.s.r.aws.ConfigClusterResolver      : Resolving eureka endpoints via configuration
2022-09-09 11:33:33.471  INFO 17080 --- [AsyncResolver-bootstrap-executor-0] c.n.d.s.r.aws.ConfigClusterResolver      : Resolving eureka endpoints via configuration
2022-09-09 11:38:33.482  INFO 17080 --- [AsyncResolver-bootstrap-executor-0] c.n.d.s.r.aws.ConfigClusterResolver      : Resolving eureka endpoints via configuration
2022-09-09 11:43:33.492  INFO 17080 --- [AsyncResolver-bootstrap-executor-0] c.n.d.s.r.aws.ConfigClusterResolver      : Resolving eureka endpoints via configuration
2022-09-09 11:48:33.496  INFO 17080 --- [AsyncResolver-bootstrap-executor-0] c.n.d.s.r.aws.ConfigClusterResolver      : Resolving eureka endpoints via configuration
2022-09-09 11:53:33.513  INFO 17080 --- [AsyncResolver-bootstrap-executor-0] c.n.d.s.r.aws.ConfigClusterResolver      : Resolving eureka endpoints via configuration
2022-09-09 11:58:33.592  INFO 17080 --- [AsyncResolver-bootstrap-executor-0] c.n.d.s.r.aws.ConfigClusterResolver      : Resolving eureka endpoints via configuration
2022-09-09 12:03:33.606  INFO 17080 --- [AsyncResolver-bootstrap-executor-0] c.n.d.s.r.aws.ConfigClusterResolver      : Resolving eureka endpoints via configuration
2022-09-09 12:08:33.623  INFO 17080 --- [AsyncResolver-bootstrap-executor-0] c.n.d.s.r.aws.ConfigClusterResolver      : Resolving eureka endpoints via configuration
2022-09-09 12:13:33.628  INFO 17080 --- [AsyncResolver-bootstrap-executor-0] c.n.d.s.r.aws.ConfigClusterResolver      : Resolving eureka endpoints via configuration
2022-09-09 12:18:33.639  INFO 17080 --- [AsyncResolver-bootstrap-executor-0] c.n.d.s.r.aws.ConfigClusterResolver      : Resolving eureka endpoints via configuration
2022-09-09 12:23:33.645  INFO 17080 --- [AsyncResolver-bootstrap-executor-0] c.n.d.s.r.aws.ConfigClusterResolver      : Resolving eureka endpoints via configuration
2022-09-09 12:28:33.654  INFO 17080 --- [AsyncResolver-bootstrap-executor-0] c.n.d.s.r.aws.ConfigClusterResolver      : Resolving eureka endpoints via configuration
2022-09-09 12:33:33.658  INFO 17080 --- [AsyncResolver-bootstrap-executor-0] c.n.d.s.r.aws.ConfigClusterResolver      : Resolving eureka endpoints via configuration
2022-09-09 12:38:33.664  INFO 17080 --- [AsyncResolver-bootstrap-executor-0] c.n.d.s.r.aws.ConfigClusterResolver      : Resolving eureka endpoints via configuration
2022-09-09 12:43:33.679  INFO 17080 --- [AsyncResolver-bootstrap-executor-0] c.n.d.s.r.aws.ConfigClusterResolver      : Resolving eureka endpoints via configuration
2022-09-09 12:48:33.690  INFO 17080 --- [AsyncResolver-bootstrap-executor-0] c.n.d.s.r.aws.ConfigClusterResolver      : Resolving eureka endpoints via configuration
2022-09-09 12:53:33.706  INFO 17080 --- [AsyncResolver-bootstrap-executor-0] c.n.d.s.r.aws.ConfigClusterResolver      : Resolving eureka endpoints via configuration
2022-09-09 12:58:33.718  INFO 17080 --- [AsyncResolver-bootstrap-executor-0] c.n.d.s.r.aws.ConfigClusterResolver      : Resolving eureka endpoints via configuration
2022-09-09 13:03:33.724  INFO 17080 --- [AsyncResolver-bootstrap-executor-0] c.n.d.s.r.aws.ConfigClusterResolver      : Resolving eureka endpoints via configuration
2022-09-09 13:08:33.735  INFO 17080 --- [AsyncResolver-bootstrap-executor-0] c.n.d.s.r.aws.ConfigClusterResolver      : Resolving eureka endpoints via configuration
2022-09-09 13:13:33.739  INFO 17080 --- [AsyncResolver-bootstrap-executor-0] c.n.d.s.r.aws.ConfigClusterResolver      : Resolving eureka endpoints via configuration
2022-09-09 13:18:33.749  INFO 17080 --- [AsyncResolver-bootstrap-executor-0] c.n.d.s.r.aws.ConfigClusterResolver      : Resolving eureka endpoints via configuration
2022-09-09 13:23:33.765  INFO 17080 --- [AsyncResolver-bootstrap-executor-0] c.n.d.s.r.aws.ConfigClusterResolver      : Resolving eureka endpoints via configuration
2022-09-09 13:28:33.767  INFO 17080 --- [AsyncResolver-bootstrap-executor-0] c.n.d.s.r.aws.ConfigClusterResolver      : Resolving eureka endpoints via configuration
2022-09-09 13:33:33.777  INFO 17080 --- [AsyncResolver-bootstrap-executor-0] c.n.d.s.r.aws.ConfigClusterResolver      : Resolving eureka endpoints via configuration
2022-09-09 13:38:33.792  INFO 17080 --- [AsyncResolver-bootstrap-executor-0] c.n.d.s.r.aws.ConfigClusterResolver      : Resolving eureka endpoints via configuration
2022-09-09 13:43:33.796  INFO 17080 --- [AsyncResolver-bootstrap-executor-0] c.n.d.s.r.aws.ConfigClusterResolver      : Resolving eureka endpoints via configuration
2022-09-09 13:48:33.803  INFO 17080 --- [AsyncResolver-bootstrap-executor-0] c.n.d.s.r.aws.ConfigClusterResolver      : Resolving eureka endpoints via configuration
2022-09-09 13:53:33.804  INFO 17080 --- [AsyncResolver-bootstrap-executor-0] c.n.d.s.r.aws.ConfigClusterResolver      : Resolving eureka endpoints via configuration
2022-09-09 13:58:33.819  INFO 17080 --- [AsyncResolver-bootstrap-executor-0] c.n.d.s.r.aws.ConfigClusterResolver      : Resolving eureka endpoints via configuration
2022-09-09 14:03:33.834  INFO 17080 --- [AsyncResolver-bootstrap-executor-0] c.n.d.s.r.aws.ConfigClusterResolver      : Resolving eureka endpoints via configuration
2022-09-09 14:08:33.841  INFO 17080 --- [AsyncResolver-bootstrap-executor-0] c.n.d.s.r.aws.ConfigClusterResolver      : Resolving eureka endpoints via configuration
2022-09-09 14:13:33.845  INFO 17080 --- [AsyncResolver-bootstrap-executor-0] c.n.d.s.r.aws.ConfigClusterResolver      : Resolving eureka endpoints via configuration
2022-09-09 14:14:59.987  INFO 21448 --- [main] com.fas.supplier.SupplierApplication     : Starting SupplierApplication using Java 11.0.13 on PotatoLapy with PID 21448 (C:\Users\singh\Desktop\Workspace\FarmingAssistanceSystem\supplier\build\classes\java\main started by singh in C:\Users\singh\Desktop\Workspace\FarmingAssistanceSystem\supplier)
2022-09-09 14:14:59.992  INFO 21448 --- [main] com.fas.supplier.SupplierApplication     : No active profile set, falling back to 1 default profile: "default"
2022-09-09 14:15:05.304  INFO 9000 --- [main] com.fas.supplier.SupplierApplication     : Starting SupplierApplication using Java 11.0.13 on PotatoLapy with PID 9000 (C:\Users\singh\Desktop\Workspace\FarmingAssistanceSystem\supplier\build\classes\java\main started by singh in C:\Users\singh\Desktop\Workspace\FarmingAssistanceSystem\supplier)
2022-09-09 14:15:05.311  INFO 9000 --- [main] com.fas.supplier.SupplierApplication     : No active profile set, falling back to 1 default profile: "default"
2022-09-09 14:15:07.031  INFO 9000 --- [main] o.apache.catalina.core.StandardService   : Starting service [Tomcat]
2022-09-09 14:15:07.032  INFO 9000 --- [main] org.apache.catalina.core.StandardEngine  : Starting Servlet engine: [Apache Tomcat/9.0.65]
2022-09-09 14:15:07.325  INFO 9000 --- [main] o.a.c.c.C.[Tomcat].[localhost].[/]       : Initializing Spring embedded WebApplicationContext
2022-09-09 14:15:07.677  INFO 9000 --- [main] com.zaxxer.hikari.HikariDataSource       : HikariPool-1 - Starting...
2022-09-09 14:15:07.827  INFO 9000 --- [main] com.zaxxer.hikari.HikariDataSource       : HikariPool-1 - Start completed.
2022-09-09 14:15:10.675  INFO 9000 --- [main] com.netflix.discovery.DiscoveryClient    : Initializing Eureka in region us-east-1
2022-09-09 14:15:10.679  INFO 9000 --- [main] c.n.d.s.r.aws.ConfigClusterResolver      : Resolving eureka endpoints via configuration
2022-09-09 14:15:10.696  INFO 9000 --- [main] com.netflix.discovery.DiscoveryClient    : Disable delta property : false
2022-09-09 14:15:10.696  INFO 9000 --- [main] com.netflix.discovery.DiscoveryClient    : Single vip registry refresh property : null
2022-09-09 14:15:10.696  INFO 9000 --- [main] com.netflix.discovery.DiscoveryClient    : Force full registry fetch : false
2022-09-09 14:15:10.696  INFO 9000 --- [main] com.netflix.discovery.DiscoveryClient    : Application is null : false
2022-09-09 14:15:10.696  INFO 9000 --- [main] com.netflix.discovery.DiscoveryClient    : Registered Applications size is zero : true
2022-09-09 14:15:10.696  INFO 9000 --- [main] com.netflix.discovery.DiscoveryClient    : Application version is -1: true
2022-09-09 14:15:10.697  INFO 9000 --- [main] com.netflix.discovery.DiscoveryClient    : Getting all instance registry info from the eureka server
2022-09-09 14:15:10.970  INFO 9000 --- [main] com.netflix.discovery.DiscoveryClient    : The response status is 200
2022-09-09 14:15:10.972  INFO 9000 --- [main] com.netflix.discovery.DiscoveryClient    : Starting heartbeat executor: renew interval is: 30
2022-09-09 14:15:10.974  INFO 9000 --- [main] c.n.discovery.InstanceInfoReplicator     : InstanceInfoReplicator onDemand update allowed rate per min is 4
2022-09-09 14:15:10.979  INFO 9000 --- [main] com.netflix.discovery.DiscoveryClient    : Discovery Client initialized at timestamp 1662713110978 with initial instances count: 2
2022-09-09 14:15:10.981  INFO 9000 --- [main] com.netflix.discovery.DiscoveryClient    : Saw local status change event StatusChangeEvent [timestamp=1662713110981, current=UP, previous=STARTING]
2022-09-09 14:15:10.983  INFO 9000 --- [DiscoveryClient-InstanceInfoReplicator-0] com.netflix.discovery.DiscoveryClient    : DiscoveryClient_SUPPLIER/PotatoLapy:supplier:8200: registering service...
2022-09-09 14:15:11.037  INFO 9000 --- [DiscoveryClient-InstanceInfoReplicator-0] com.netflix.discovery.DiscoveryClient    : DiscoveryClient_SUPPLIER/PotatoLapy:supplier:8200 - registration status: 204
2022-09-09 14:15:11.365  INFO 9000 --- [main] com.fas.supplier.SupplierApplication     : Started SupplierApplication in 6.886 seconds (JVM running for 7.348)
2022-09-09 14:15:37.714  INFO 9000 --- [http-nio-8200-exec-1] o.a.c.c.C.[Tomcat].[localhost].[/]       : Initializing Spring DispatcherServlet 'dispatcherServlet'
2022-09-09 14:15:38.248  INFO 9000 --- [http-nio-8200-exec-4] o.springdoc.api.AbstractOpenApiResource  : Init duration for springdoc-openapi is: 235 ms
2022-09-09 14:18:56.594  INFO 21224 --- [main] com.fas.supplier.SupplierApplication     : Starting SupplierApplication using Java 11.0.13 on PotatoLapy with PID 21224 (C:\Users\singh\Desktop\Workspace\FarmingAssistanceSystem\supplier\build\classes\java\main started by singh in C:\Users\singh\Desktop\Workspace\FarmingAssistanceSystem\supplier)
2022-09-09 14:18:56.597  INFO 21224 --- [main] com.fas.supplier.SupplierApplication     : No active profile set, falling back to 1 default profile: "default"
2022-09-09 14:18:58.461  INFO 21224 --- [main] o.apache.catalina.core.StandardService   : Starting service [Tomcat]
2022-09-09 14:18:58.462  INFO 21224 --- [main] org.apache.catalina.core.StandardEngine  : Starting Servlet engine: [Apache Tomcat/9.0.65]
2022-09-09 14:18:58.627  INFO 21224 --- [main] o.a.c.c.C.[Tomcat].[localhost].[/]       : Initializing Spring embedded WebApplicationContext
2022-09-09 14:18:58.999  INFO 21224 --- [main] com.zaxxer.hikari.HikariDataSource       : HikariPool-1 - Starting...
2022-09-09 14:18:59.123  INFO 21224 --- [main] com.zaxxer.hikari.HikariDataSource       : HikariPool-1 - Start completed.
2022-09-09 14:19:02.206  INFO 21224 --- [main] com.netflix.discovery.DiscoveryClient    : Initializing Eureka in region us-east-1
2022-09-09 14:19:02.210  INFO 21224 --- [main] c.n.d.s.r.aws.ConfigClusterResolver      : Resolving eureka endpoints via configuration
2022-09-09 14:19:02.230  INFO 21224 --- [main] com.netflix.discovery.DiscoveryClient    : Disable delta property : false
2022-09-09 14:19:02.230  INFO 21224 --- [main] com.netflix.discovery.DiscoveryClient    : Single vip registry refresh property : null
2022-09-09 14:19:02.230  INFO 21224 --- [main] com.netflix.discovery.DiscoveryClient    : Force full registry fetch : false
2022-09-09 14:19:02.230  INFO 21224 --- [main] com.netflix.discovery.DiscoveryClient    : Application is null : false
2022-09-09 14:19:02.231  INFO 21224 --- [main] com.netflix.discovery.DiscoveryClient    : Registered Applications size is zero : true
2022-09-09 14:19:02.231  INFO 21224 --- [main] com.netflix.discovery.DiscoveryClient    : Application version is -1: true
2022-09-09 14:19:02.231  INFO 21224 --- [main] com.netflix.discovery.DiscoveryClient    : Getting all instance registry info from the eureka server
2022-09-09 14:19:02.667  INFO 21224 --- [main] com.netflix.discovery.DiscoveryClient    : The response status is 200
2022-09-09 14:19:02.673  INFO 21224 --- [main] com.netflix.discovery.DiscoveryClient    : Starting heartbeat executor: renew interval is: 30
2022-09-09 14:19:02.677  INFO 21224 --- [main] c.n.discovery.InstanceInfoReplicator     : InstanceInfoReplicator onDemand update allowed rate per min is 4
2022-09-09 14:19:02.685  INFO 21224 --- [main] com.netflix.discovery.DiscoveryClient    : Discovery Client initialized at timestamp 1662713342683 with initial instances count: 3
2022-09-09 14:19:02.694  INFO 21224 --- [main] com.netflix.discovery.DiscoveryClient    : Saw local status change event StatusChangeEvent [timestamp=1662713342694, current=UP, previous=STARTING]
2022-09-09 14:19:02.704  INFO 21224 --- [DiscoveryClient-InstanceInfoReplicator-0] com.netflix.discovery.DiscoveryClient    : DiscoveryClient_SUPPLIER/PotatoLapy:supplier:8200: registering service...
2022-09-09 14:19:02.821  INFO 21224 --- [DiscoveryClient-InstanceInfoReplicator-0] com.netflix.discovery.DiscoveryClient    : DiscoveryClient_SUPPLIER/PotatoLapy:supplier:8200 - registration status: 204
2022-09-09 14:19:03.411  INFO 21224 --- [main] com.fas.supplier.SupplierApplication     : Started SupplierApplication in 7.676 seconds (JVM running for 8.111)
2022-09-09 14:21:49.817  INFO 19740 --- [main] com.fas.supplier.SupplierApplication     : Starting SupplierApplication using Java 11.0.13 on PotatoLapy with PID 19740 (C:\Users\singh\Desktop\Workspace\FarmingAssistanceSystem\supplier\build\classes\java\main started by singh in C:\Users\singh\Desktop\Workspace\FarmingAssistanceSystem\supplier)
2022-09-09 14:21:49.822  INFO 19740 --- [main] com.fas.supplier.SupplierApplication     : No active profile set, falling back to 1 default profile: "default"
2022-09-09 14:21:51.588  INFO 19740 --- [main] o.apache.catalina.core.StandardService   : Starting service [Tomcat]
2022-09-09 14:21:51.588  INFO 19740 --- [main] org.apache.catalina.core.StandardEngine  : Starting Servlet engine: [Apache Tomcat/9.0.65]
2022-09-09 14:21:51.758  INFO 19740 --- [main] o.a.c.c.C.[Tomcat].[localhost].[/]       : Initializing Spring embedded WebApplicationContext
2022-09-09 14:21:52.087  INFO 19740 --- [main] com.zaxxer.hikari.HikariDataSource       : HikariPool-1 - Starting...
2022-09-09 14:21:52.212  INFO 19740 --- [main] com.zaxxer.hikari.HikariDataSource       : HikariPool-1 - Start completed.
2022-09-09 14:21:56.121  INFO 19740 --- [main] com.netflix.discovery.DiscoveryClient    : Initializing Eureka in region us-east-1
2022-09-09 14:21:56.125  INFO 19740 --- [main] c.n.d.s.r.aws.ConfigClusterResolver      : Resolving eureka endpoints via configuration
2022-09-09 14:21:56.145  INFO 19740 --- [main] com.netflix.discovery.DiscoveryClient    : Disable delta property : false
2022-09-09 14:21:56.145  INFO 19740 --- [main] com.netflix.discovery.DiscoveryClient    : Single vip registry refresh property : null
2022-09-09 14:21:56.145  INFO 19740 --- [main] com.netflix.discovery.DiscoveryClient    : Force full registry fetch : false
2022-09-09 14:21:56.145  INFO 19740 --- [main] com.netflix.discovery.DiscoveryClient    : Application is null : false
2022-09-09 14:21:56.145  INFO 19740 --- [main] com.netflix.discovery.DiscoveryClient    : Registered Applications size is zero : true
2022-09-09 14:21:56.145  INFO 19740 --- [main] com.netflix.discovery.DiscoveryClient    : Application version is -1: true
2022-09-09 14:21:56.145  INFO 19740 --- [main] com.netflix.discovery.DiscoveryClient    : Getting all instance registry info from the eureka server
2022-09-09 14:21:56.523  INFO 19740 --- [main] com.netflix.discovery.DiscoveryClient    : The response status is 200
2022-09-09 14:21:56.527  INFO 19740 --- [main] com.netflix.discovery.DiscoveryClient    : Starting heartbeat executor: renew interval is: 30
2022-09-09 14:21:56.531  INFO 19740 --- [main] c.n.discovery.InstanceInfoReplicator     : InstanceInfoReplicator onDemand update allowed rate per min is 4
2022-09-09 14:21:56.537  INFO 19740 --- [main] com.netflix.discovery.DiscoveryClient    : Discovery Client initialized at timestamp 1662713516536 with initial instances count: 3
2022-09-09 14:21:56.540  INFO 19740 --- [main] com.netflix.discovery.DiscoveryClient    : Saw local status change event StatusChangeEvent [timestamp=1662713516540, current=UP, previous=STARTING]
2022-09-09 14:21:56.546  INFO 19740 --- [DiscoveryClient-InstanceInfoReplicator-0] com.netflix.discovery.DiscoveryClient    : DiscoveryClient_SUPPLIER/PotatoLapy:supplier:8200: registering service...
2022-09-09 14:21:56.595  INFO 19740 --- [DiscoveryClient-InstanceInfoReplicator-0] com.netflix.discovery.DiscoveryClient    : DiscoveryClient_SUPPLIER/PotatoLapy:supplier:8200 - registration status: 204
2022-09-09 14:21:56.987  INFO 19740 --- [main] com.fas.supplier.SupplierApplication     : Started SupplierApplication in 7.935 seconds (JVM running for 8.384)
2022-09-09 14:26:56.156  INFO 19740 --- [AsyncResolver-bootstrap-executor-0] c.n.d.s.r.aws.ConfigClusterResolver      : Resolving eureka endpoints via configuration
2022-09-09 14:31:56.166  INFO 19740 --- [AsyncResolver-bootstrap-executor-0] c.n.d.s.r.aws.ConfigClusterResolver      : Resolving eureka endpoints via configuration
2022-09-09 14:36:56.168  INFO 19740 --- [AsyncResolver-bootstrap-executor-0] c.n.d.s.r.aws.ConfigClusterResolver      : Resolving eureka endpoints via configuration
2022-09-09 14:41:56.182  INFO 19740 --- [AsyncResolver-bootstrap-executor-0] c.n.d.s.r.aws.ConfigClusterResolver      : Resolving eureka endpoints via configuration
2022-09-09 14:46:56.186  INFO 19740 --- [AsyncResolver-bootstrap-executor-0] c.n.d.s.r.aws.ConfigClusterResolver      : Resolving eureka endpoints via configuration
2022-09-09 14:51:56.197  INFO 19740 --- [AsyncResolver-bootstrap-executor-0] c.n.d.s.r.aws.ConfigClusterResolver      : Resolving eureka endpoints via configuration
2022-09-09 14:56:56.213  INFO 19740 --- [AsyncResolver-bootstrap-executor-0] c.n.d.s.r.aws.ConfigClusterResolver      : Resolving eureka endpoints via configuration
2022-09-09 15:01:56.222  INFO 19740 --- [AsyncResolver-bootstrap-executor-0] c.n.d.s.r.aws.ConfigClusterResolver      : Resolving eureka endpoints via configuration
2022-09-09 15:06:56.226  INFO 19740 --- [AsyncResolver-bootstrap-executor-0] c.n.d.s.r.aws.ConfigClusterResolver      : Resolving eureka endpoints via configuration
2022-09-09 15:11:56.235  INFO 19740 --- [AsyncResolver-bootstrap-executor-0] c.n.d.s.r.aws.ConfigClusterResolver      : Resolving eureka endpoints via configuration
2022-09-09 15:16:56.249  INFO 19740 --- [AsyncResolver-bootstrap-executor-0] c.n.d.s.r.aws.ConfigClusterResolver      : Resolving eureka endpoints via configuration
2022-09-09 15:20:42.330  INFO 19740 --- [http-nio-8200-exec-1] o.a.c.c.C.[Tomcat].[localhost].[/]       : Initializing Spring DispatcherServlet 'dispatcherServlet'
2022-09-09 15:21:56.259  INFO 19740 --- [AsyncResolver-bootstrap-executor-0] c.n.d.s.r.aws.ConfigClusterResolver      : Resolving eureka endpoints via configuration
2022-09-09 15:26:56.269  INFO 19740 --- [AsyncResolver-bootstrap-executor-0] c.n.d.s.r.aws.ConfigClusterResolver      : Resolving eureka endpoints via configuration
2022-09-09 15:31:56.283  INFO 19740 --- [AsyncResolver-bootstrap-executor-0] c.n.d.s.r.aws.ConfigClusterResolver      : Resolving eureka endpoints via configuration
2022-09-09 15:32:05.274  INFO 19740 --- [http-nio-8200-exec-5] com.fas.supplier.SupplierApplication     : 44
2022-09-09 15:32:11.835  INFO 19740 --- [http-nio-8200-exec-6] com.fas.supplier.SupplierApplication     : 25
2022-09-09 15:36:56.286  INFO 19740 --- [AsyncResolver-bootstrap-executor-0] c.n.d.s.r.aws.ConfigClusterResolver      : Resolving eureka endpoints via configuration
2022-09-09 15:41:56.297  INFO 19740 --- [AsyncResolver-bootstrap-executor-0] c.n.d.s.r.aws.ConfigClusterResolver      : Resolving eureka endpoints via configuration
2022-09-09 15:46:56.309  INFO 19740 --- [AsyncResolver-bootstrap-executor-0] c.n.d.s.r.aws.ConfigClusterResolver      : Resolving eureka endpoints via configuration
2022-09-09 15:51:56.317  INFO 19740 --- [AsyncResolver-bootstrap-executor-0] c.n.d.s.r.aws.ConfigClusterResolver      : Resolving eureka endpoints via configuration
2022-09-09 15:56:56.321  INFO 19740 --- [AsyncResolver-bootstrap-executor-0] c.n.d.s.r.aws.ConfigClusterResolver      : Resolving eureka endpoints via configuration
2022-09-09 16:01:56.335  INFO 19740 --- [AsyncResolver-bootstrap-executor-0] c.n.d.s.r.aws.ConfigClusterResolver      : Resolving eureka endpoints via configuration
2022-09-09 16:03:47.485  INFO 19740 --- [http-nio-8200-exec-8] com.fas.supplier.SupplierApplication     : 25
2022-09-09 16:06:56.344  INFO 19740 --- [AsyncResolver-bootstrap-executor-0] c.n.d.s.r.aws.ConfigClusterResolver      : Resolving eureka endpoints via configuration
2022-09-09 16:11:56.349  INFO 19740 --- [AsyncResolver-bootstrap-executor-0] c.n.d.s.r.aws.ConfigClusterResolver      : Resolving eureka endpoints via configuration
2022-09-09 16:16:56.359  INFO 19740 --- [AsyncResolver-bootstrap-executor-0] c.n.d.s.r.aws.ConfigClusterResolver      : Resolving eureka endpoints via configuration
2022-09-09 16:21:28.408  INFO 13052 --- [main] com.fas.supplier.SupplierApplication     : Starting SupplierApplication using Java 11.0.13 on PotatoLapy with PID 13052 (C:\Users\singh\Desktop\Workspace\FarmingAssistanceSystem\supplier\build\classes\java\main started by singh in C:\Users\singh\Desktop\Workspace\FarmingAssistanceSystem\supplier)
2022-09-09 16:21:28.414  INFO 13052 --- [main] com.fas.supplier.SupplierApplication     : No active profile set, falling back to 1 default profile: "default"
2022-09-09 16:21:30.224  INFO 13052 --- [main] o.apache.catalina.core.StandardService   : Starting service [Tomcat]
2022-09-09 16:21:30.225  INFO 13052 --- [main] org.apache.catalina.core.StandardEngine  : Starting Servlet engine: [Apache Tomcat/9.0.65]
2022-09-09 16:21:30.434  INFO 13052 --- [main] o.a.c.c.C.[Tomcat].[localhost].[/]       : Initializing Spring embedded WebApplicationContext
2022-09-09 16:21:30.773  INFO 13052 --- [main] com.zaxxer.hikari.HikariDataSource       : HikariPool-1 - Starting...
2022-09-09 16:21:30.925  INFO 13052 --- [main] com.zaxxer.hikari.HikariDataSource       : HikariPool-1 - Start completed.
2022-09-09 16:21:34.033  INFO 13052 --- [main] com.netflix.discovery.DiscoveryClient    : Initializing Eureka in region us-east-1
2022-09-09 16:21:34.037  INFO 13052 --- [main] c.n.d.s.r.aws.ConfigClusterResolver      : Resolving eureka endpoints via configuration
2022-09-09 16:21:34.054  INFO 13052 --- [main] com.netflix.discovery.DiscoveryClient    : Disable delta property : false
2022-09-09 16:21:34.055  INFO 13052 --- [main] com.netflix.discovery.DiscoveryClient    : Single vip registry refresh property : null
2022-09-09 16:21:34.055  INFO 13052 --- [main] com.netflix.discovery.DiscoveryClient    : Force full registry fetch : false
2022-09-09 16:21:34.055  INFO 13052 --- [main] com.netflix.discovery.DiscoveryClient    : Application is null : false
2022-09-09 16:21:34.055  INFO 13052 --- [main] com.netflix.discovery.DiscoveryClient    : Registered Applications size is zero : true
2022-09-09 16:21:34.055  INFO 13052 --- [main] com.netflix.discovery.DiscoveryClient    : Application version is -1: true
2022-09-09 16:21:34.055  INFO 13052 --- [main] com.netflix.discovery.DiscoveryClient    : Getting all instance registry info from the eureka server
2022-09-09 16:21:34.366  INFO 13052 --- [main] com.netflix.discovery.DiscoveryClient    : The response status is 200
2022-09-09 16:21:34.369  INFO 13052 --- [main] com.netflix.discovery.DiscoveryClient    : Starting heartbeat executor: renew interval is: 30
2022-09-09 16:21:34.372  INFO 13052 --- [main] c.n.discovery.InstanceInfoReplicator     : InstanceInfoReplicator onDemand update allowed rate per min is 4
2022-09-09 16:21:34.386  INFO 13052 --- [main] com.netflix.discovery.DiscoveryClient    : Discovery Client initialized at timestamp 1662720694384 with initial instances count: 3
2022-09-09 16:21:34.396  INFO 13052 --- [main] com.netflix.discovery.DiscoveryClient    : Saw local status change event StatusChangeEvent [timestamp=1662720694396, current=UP, previous=STARTING]
2022-09-09 16:21:34.398  INFO 13052 --- [DiscoveryClient-InstanceInfoReplicator-0] com.netflix.discovery.DiscoveryClient    : DiscoveryClient_SUPPLIER/PotatoLapy:supplier:8200: registering service...
2022-09-09 16:21:34.453  INFO 13052 --- [DiscoveryClient-InstanceInfoReplicator-0] com.netflix.discovery.DiscoveryClient    : DiscoveryClient_SUPPLIER/PotatoLapy:supplier:8200 - registration status: 204
2022-09-09 16:21:34.766  INFO 13052 --- [main] com.fas.supplier.SupplierApplication     : Started SupplierApplication in 7.232 seconds (JVM running for 7.745)
2022-09-09 16:21:49.542  INFO 13052 --- [http-nio-8200-exec-1] o.a.c.c.C.[Tomcat].[localhost].[/]       : Initializing Spring DispatcherServlet 'dispatcherServlet'
2022-09-09 16:21:49.592  INFO 13052 --- [http-nio-8200-exec-1] com.fas.supplier.SupplierApplication     : 25
2022-09-09 16:22:47.770  INFO 13052 --- [http-nio-8200-exec-3] com.fas.supplier.SupplierApplication     : 18
2022-09-09 16:24:38.018  INFO 13052 --- [http-nio-8200-exec-6] o.springdoc.api.AbstractOpenApiResource  : Init duration for springdoc-openapi is: 290 ms
2022-09-09 16:26:34.059  INFO 13052 --- [AsyncResolver-bootstrap-executor-0] c.n.d.s.r.aws.ConfigClusterResolver      : Resolving eureka endpoints via configuration
